<?xml version="1.0" encoding="UTF-8"?>
<!-- Generated by org.testng.reporters.JUnitReportReporter -->
<testsuite skipped="0" hostname="DESKTOP-E3NQSM7" name="runvrizon5.datap" tests="6" failures="0" timestamp="2020-07-16T16:28:17 EDT" time="42.390" errors="0">
  <testcase name="f" time="7.868" classname="runvrizon5.datap"/>
  <testcase name="f" time="7.946" classname="runvrizon5.datap"/>
  <testcase name="f" time="6.515" classname="runvrizon5.datap"/>
  <testcase name="f" time="6.639" classname="runvrizon5.datap"/>
  <testcase name="f" time="6.085" classname="runvrizon5.datap"/>
  <testcase name="f" time="7.337" classname="runvrizon5.datap"/>
</testsuite> <!-- runvrizon5.datap -->
