<?xml version="1.0" encoding="UTF-8"?>
<!-- Generated by org.testng.reporters.JUnitReportReporter -->
<testsuite skipped="0" hostname="DESKTOP-E3NQSM7" name="runvrizon5.verizonfirst" tests="2" failures="0" timestamp="2020-07-15T13:31:42 EDT" time="20.468" errors="0">
  <testcase name="f" time="10.372" classname="runvrizon5.verizonfirst"/>
  <testcase name="f" time="10.096" classname="runvrizon5.verizonfirst"/>
</testsuite> <!-- runvrizon5.verizonfirst -->
